[INFO ] 2019-05-27 11:50:29.548 [main] TestBase - Enter the URL
[INFO ] 2019-05-27 11:51:33.124 [main] TestBase - Enter the URL
[INFO ] 2019-05-27 11:52:38.328 [main] TestBase - Enter the URL
[INFO ] 2019-05-27 11:55:17.905 [main] TestBase - Enter the URL
[INFO ] 2019-05-27 11:56:57.421 [main] TestBase - Enter the URL
[INFO ] 2019-05-27 11:57:39.739 [main] TestBase - Enter the URL
[INFO ] 2019-05-27 11:59:16.951 [main] TestBase - Enter the URL
[INFO ] 2019-05-27 12:00:11.134 [main] TestBase - Enter the URL
[INFO ] 2019-05-27 12:01:04.802 [main] TestBase - Enter the URL
[INFO ] 2019-05-27 12:02:19.881 [main] TestBase - Enter the URL
[INFO ] 2019-05-27 12:02:34.729 [main] TestBase - Navigation bar is present
[INFO ] 2019-05-27 12:02:48.079 [main] TestBase - Enter the URL
[INFO ] 2019-05-27 12:02:53.127 [main] TestBase - Navigation bar is present
[INFO ] 2019-05-27 12:05:25.458 [main] TestBase - Enter the URL
[INFO ] 2019-05-27 12:06:08.667 [main] TestBase - Enter the URL
[INFO ] 2019-05-27 12:07:16.587 [main] TestBase - Enter the URL
[INFO ] 2019-05-27 12:11:30.980 [main] TestBase - Enter the URL
[INFO ] 2019-05-27 12:11:59.449 [main] TestBase - Navigation bar is present
[INFO ] 2019-05-27 12:15:15.827 [main] TestBase - Enter the URL
[INFO ] 2019-05-27 12:15:24.434 [main] TestBase - Navigation bar is present
[INFO ] 2019-05-27 12:15:25.501 [main] TestBase - Enter the URL
[INFO ] 2019-05-27 12:15:30.346 [main] TestBase - Enter the URL
[INFO ] 2019-05-27 12:15:35.346 [main] TestBase - Enter the URL
[INFO ] 2019-05-27 12:18:41.073 [main] TestBase - Enter the URL
[INFO ] 2019-05-27 12:18:47.930 [main] TestBase - Navigation bar is present
[INFO ] 2019-05-27 12:18:49.027 [main] TestBase - Enter the URL
[INFO ] 2019-05-27 12:18:57.176 [main] TestBase - Enter the URL
[INFO ] 2019-05-27 12:19:02.002 [main] TestBase - Enter the URL
[INFO ] 2019-05-27 12:22:14.008 [main] TestBase - Enter the URL
[INFO ] 2019-05-27 12:22:22.352 [main] TestBase - Navigation bar is present
[INFO ] 2019-05-27 12:22:23.425 [main] TestBase - Enter the URL
[INFO ] 2019-05-27 12:24:56.474 [main] TestBase - Enter the URL
[INFO ] 2019-05-27 12:25:00.899 [main] TestBase - Navigation bar is present
[INFO ] 2019-05-27 12:25:01.954 [main] TestBase - Enter the URL
[INFO ] 2019-05-27 12:25:07.292 [main] TestBase - Enter the URL
[INFO ] 2019-05-27 12:25:12.314 [main] TestBase - Enter the URL
[INFO ] 2019-05-27 12:26:50.679 [main] TestBase - Enter the URL
[INFO ] 2019-05-27 12:26:59.049 [main] TestBase - Navigation bar is present
[INFO ] 2019-05-27 12:27:00.266 [main] TestBase - Enter the URL
[INFO ] 2019-05-27 12:27:05.101 [main] TestBase - Enter the URL
[INFO ] 2019-05-27 12:27:10.036 [main] TestBase - Enter the URL
[INFO ] 2019-05-27 12:29:29.587 [main] TestBase - Enter the URL
[INFO ] 2019-05-27 12:29:48.004 [main] TestBase - Navigation bar is present
[INFO ] 2019-05-27 12:29:49.123 [main] TestBase - Enter the URL
[INFO ] 2019-05-27 12:39:15.247 [main] TestBase - Enter the URL
[INFO ] 2019-05-27 12:39:24.768 [main] TestBase - Navigation bar is present
[INFO ] 2019-05-27 12:39:25.928 [main] TestBase - Enter the URL
[INFO ] 2019-05-27 12:39:30.777 [main] TestBase - Enter the URL
[INFO ] 2019-05-27 12:39:36.145 [main] TestBase - Enter the URL
[INFO ] 2019-05-27 12:42:29.572 [main] TestBase - Enter the URL
[INFO ] 2019-05-27 12:42:33.427 [main] TestBase - Navigation bar is present
[INFO ] 2019-05-27 12:42:34.586 [main] TestBase - Enter the URL
[INFO ] 2019-05-27 12:42:39.815 [main] TestBase - Enter the URL
[INFO ] 2019-05-27 12:42:45.146 [main] TestBase - Enter the URL
[INFO ] 2019-05-27 12:44:08.264 [main] TestBase - Enter the URL
[INFO ] 2019-05-27 12:44:12.169 [main] TestBase - Navigation bar is present
[INFO ] 2019-05-27 12:44:13.276 [main] TestBase - Enter the URL
[INFO ] 2019-05-27 12:44:22.830 [main] TestBase - Enter the URL
[INFO ] 2019-05-27 12:44:27.423 [main] TestBase - Enter the URL
[INFO ] 2019-05-27 12:45:52.291 [main] TestBase - Enter the URL
[INFO ] 2019-05-27 12:45:59.164 [main] TestBase - Navigation bar is present
[INFO ] 2019-05-27 12:46:00.304 [main] TestBase - Enter the URL
[INFO ] 2019-05-27 12:46:05.295 [main] TestBase - Enter the URL
[INFO ] 2019-05-27 12:46:10.278 [main] TestBase - Enter the URL
[INFO ] 2019-05-27 12:49:05.280 [main] TestBase - Enter the URL
[INFO ] 2019-05-27 12:49:09.317 [main] TestBase - Navigation bar is present
[INFO ] 2019-05-27 12:49:10.502 [main] TestBase - Enter the URL
[INFO ] 2019-05-27 12:54:37.193 [main] TestBase - Enter the URL
[INFO ] 2019-05-27 12:54:41.620 [main] TestBase - Navigation bar is present
[INFO ] 2019-05-27 12:54:42.775 [main] TestBase - Enter the URL
[INFO ] 2019-05-27 12:54:48.254 [main] TestBase - Enter the URL
[INFO ] 2019-05-27 12:54:56.121 [main] TestBase - Enter the URL
[INFO ] 2019-05-27 13:02:27.384 [TestNG-test=Mashreeq Digital App Test Cases-1] TestBase - Enter the URL
[INFO ] 2019-05-27 13:02:35.672 [TestNG-test=Mashreeq Digital App Test Cases-1] TestBase - Navigation bar is present
[INFO ] 2019-05-27 13:02:36.847 [TestNG-test=Mashreeq Digital App Test Cases-2] TestBase - Enter the URL
[INFO ] 2019-05-27 14:05:07.807 [main] TestBase - Enter the URL
[INFO ] 2019-05-27 14:05:16.536 [main] TestBase - Navigation bar is present
[INFO ] 2019-05-27 14:05:17.694 [main] TestBase - Enter the URL
[INFO ] 2019-05-27 14:05:21.532 [main] TestBase - Navigation Value is present on the Page
[INFO ] 2019-05-27 14:05:22.522 [main] TestBase - Enter the URL
[INFO ] 2019-05-27 14:05:26.831 [main] TestBase - News Feed is present on the page
[INFO ] 2019-05-27 14:05:27.739 [main] TestBase - Enter the URL
[INFO ] 2019-05-27 14:05:31.826 [main] TestBase - Succesfull click on contact us Link on the page
[INFO ] 2019-05-27 14:05:32.095 [main] TestBase - Succesfull click on Submit Vutton on Contact us page
[INFO ] 2019-05-27 14:05:32.525 [main] TestBase - Succesfully able to see all 4 values in the dropdown
[INFO ] 2019-05-27 14:05:32.525 [main] TestBase - Sub Product Field is initially Empy in the page
[INFO ] 2019-05-27 14:05:32.702 [main] TestBase - Select the Loans in dropdown and simultaneously cvalue populate in sub product
[INFO ] 2019-05-27 14:05:33.234 [main] TestBase - Succesfull verify the value for mobile number
[INFO ] 2019-05-27 14:05:57.332 [TestNG-test=Mashreeq Digital App Test Cases-1] TestBase - Enter the URL
[INFO ] 2019-05-27 14:06:02.585 [TestNG-test=Mashreeq Digital App Test Cases-1] TestBase - Navigation bar is present
[INFO ] 2019-05-27 14:06:03.750 [TestNG-test=Mashreeq Digital App Test Cases-2] TestBase - Enter the URL
[INFO ] 2019-05-27 14:06:08.113 [TestNG-test=Mashreeq Digital App Test Cases-2] TestBase - Navigation Value is present on the Page
[INFO ] 2019-05-27 14:06:09.087 [TestNG-test=Mashreeq Digital App Test Cases-3] TestBase - Enter the URL
[INFO ] 2019-05-27 14:06:12.904 [TestNG-test=Mashreeq Digital App Test Cases-3] TestBase - News Feed is present on the page
[INFO ] 2019-05-27 14:06:13.855 [TestNG-test=Mashreeq Digital App Test Cases-4] TestBase - Enter the URL
[INFO ] 2019-05-27 14:06:21.294 [TestNG-test=Mashreeq Digital App Test Cases-4] TestBase - Succesfull click on contact us Link on the page
[INFO ] 2019-05-27 14:06:21.562 [TestNG-test=Mashreeq Digital App Test Cases-4] TestBase - Succesfull click on Submit Vutton on Contact us page
[INFO ] 2019-05-27 14:06:22.031 [TestNG-test=Mashreeq Digital App Test Cases-4] TestBase - Succesfully able to see all 4 values in the dropdown
[INFO ] 2019-05-27 14:06:22.031 [TestNG-test=Mashreeq Digital App Test Cases-4] TestBase - Sub Product Field is initially Empy in the page
[INFO ] 2019-05-27 14:06:22.146 [TestNG-test=Mashreeq Digital App Test Cases-4] TestBase - Select the Loans in dropdown and simultaneously cvalue populate in sub product
[INFO ] 2019-05-27 14:06:22.630 [TestNG-test=Mashreeq Digital App Test Cases-4] TestBase - Succesfull verify the value for mobile number
[INFO ] 2019-05-27 14:06:39.190 [TestNG-test=Mashreeq Digital App Test Cases-1] TestBase - Enter the URL
[INFO ] 2019-05-27 14:39:26.636 [TestNG-test=Mashreeq Digital App Test Case-1] TestBase - Enter the URL
[INFO ] 2019-05-27 14:39:37.036 [TestNG-test=Mashreeq Digital App Test Case-1] TestBase - Navigation bar is present
[INFO ] 2019-05-27 14:39:38.205 [TestNG-test=Mashreeq Digital App Test Case-2] TestBase - Enter the URL
[INFO ] 2019-05-27 14:39:45.119 [TestNG-test=Mashreeq Digital App Test Case-2] TestBase - Navigation Value is present on the Page
[INFO ] 2019-05-27 14:39:46.222 [TestNG-test=Mashreeq Digital App Test Case-3] TestBase - Enter the URL
[INFO ] 2019-05-27 14:39:53.386 [TestNG-test=Mashreeq Digital App Test Case-3] TestBase - News Feed is present on the page
[INFO ] 2019-05-27 14:39:54.370 [TestNG-test=Mashreeq Digital App Test Case-4] TestBase - Enter the URL
[INFO ] 2019-05-27 14:40:08.295 [TestNG-test=Mashreeq Digital App Test Case-4] TestBase - Succesfull click on contact us Link on the page
[INFO ] 2019-05-27 14:40:08.616 [TestNG-test=Mashreeq Digital App Test Case-4] TestBase - Succesfull click on Submit Vutton on Contact us page
[INFO ] 2019-05-27 14:40:09.083 [TestNG-test=Mashreeq Digital App Test Case-4] TestBase - Succesfully able to see all 4 values in the dropdown
[INFO ] 2019-05-27 14:40:09.084 [TestNG-test=Mashreeq Digital App Test Case-4] TestBase - Sub Product Field is initially Empy in the page
[INFO ] 2019-05-27 14:40:09.202 [TestNG-test=Mashreeq Digital App Test Case-4] TestBase - Select the Loans in dropdown and simultaneously cvalue populate in sub product
[INFO ] 2019-05-27 14:40:09.654 [TestNG-test=Mashreeq Digital App Test Case-4] TestBase - Succesfull verify the value for mobile number
[INFO ] 2019-05-27 15:02:03.325 [main] TestBase - Enter the URL
[INFO ] 2019-05-27 15:02:18.775 [main] TestBase - Navigation bar is present
[INFO ] 2019-05-27 15:02:20.011 [main] TestBase - Enter the URL
[INFO ] 2019-05-27 15:02:45.577 [main] TestBase - Navigation Value is present on the Page
[INFO ] 2019-05-27 15:02:46.660 [main] TestBase - Enter the URL
[INFO ] 2019-05-27 15:03:05.232 [main] TestBase - News Feed is present on the page
[INFO ] 2019-05-27 15:03:06.343 [main] TestBase - Enter the URL
[INFO ] 2019-05-27 15:03:18.409 [main] TestBase - Succesfull click on contact us Link on the page
[INFO ] 2019-05-27 15:03:18.785 [main] TestBase - Succesfull click on Submit Vutton on Contact us page
[INFO ] 2019-05-27 15:03:19.112 [main] TestBase - Succesfully able to see all 4 values in the dropdown
[INFO ] 2019-05-27 15:03:19.112 [main] TestBase - Sub Product Field is initially Empy in the page
[INFO ] 2019-05-27 15:03:19.213 [main] TestBase - Select the Loans in dropdown and simultaneously cvalue populate in sub product
[INFO ] 2019-05-27 15:03:20.369 [main] TestBase - Succesfull verify the value for mobile number
[INFO ] 2019-05-27 15:06:06.040 [main] TestBase - Enter the URL
[INFO ] 2019-05-27 15:06:16.719 [main] TestBase - Navigation bar is present
[INFO ] 2019-05-27 15:06:17.858 [main] TestBase - Enter the URL
[INFO ] 2019-05-27 15:06:29.980 [main] TestBase - Navigation Value is present on the Page
[INFO ] 2019-05-27 15:06:30.983 [main] TestBase - Enter the URL
[INFO ] 2019-05-27 15:06:44.136 [main] TestBase - News Feed is present on the page
[INFO ] 2019-05-27 15:06:45.056 [main] TestBase - Enter the URL
[INFO ] 2019-05-27 15:06:58.421 [main] TestBase - Succesfull click on contact us Link on the page
[INFO ] 2019-05-27 15:09:48.425 [TestNG-test=Mashreeq Digital App Test Case-1] TestBase - Enter the URL
[INFO ] 2019-05-27 15:10:08.171 [TestNG-test=Mashreeq Digital App Test Case-1] TestBase - Navigation bar is present
[INFO ] 2019-05-27 15:10:09.354 [TestNG-test=Mashreeq Digital App Test Case-2] TestBase - Enter the URL
[INFO ] 2019-05-27 15:10:20.822 [TestNG-test=Mashreeq Digital App Test Case-2] TestBase - Navigation Value is present on the Page
[INFO ] 2019-05-27 15:10:21.820 [TestNG-test=Mashreeq Digital App Test Case-3] TestBase - Enter the URL
[INFO ] 2019-05-27 15:10:32.478 [TestNG-test=Mashreeq Digital App Test Case-3] TestBase - News Feed is present on the page
[INFO ] 2019-05-27 15:10:33.386 [TestNG-test=Mashreeq Digital App Test Case-4] TestBase - Enter the URL
[INFO ] 2019-05-27 15:10:46.412 [TestNG-test=Mashreeq Digital App Test Case-4] TestBase - Succesfull click on contact us Link on the page
[INFO ] 2019-05-27 15:10:46.706 [TestNG-test=Mashreeq Digital App Test Case-4] TestBase - Succesfull click on Submit Vutton on Contact us page
[INFO ] 2019-05-27 15:10:47.199 [TestNG-test=Mashreeq Digital App Test Case-4] TestBase - Succesfully able to see all 4 values in the dropdown
[INFO ] 2019-05-27 15:10:47.200 [TestNG-test=Mashreeq Digital App Test Case-4] TestBase - Sub Product Field is initially Empy in the page
[INFO ] 2019-05-27 15:10:47.317 [TestNG-test=Mashreeq Digital App Test Case-4] TestBase - Select the Loans in dropdown and simultaneously cvalue populate in sub product
[INFO ] 2019-05-27 15:10:47.791 [TestNG-test=Mashreeq Digital App Test Case-4] TestBase - Succesfull verify the value for mobile number
